<?xml version="1.0" encoding="UTF-8"?>
<testsuites name="jest tests" tests="60" failures="0" errors="0" time="14.642">
  <testsuite name="src\api\bugs.test.ts" errors="0" failures="0" skipped="0" timestamp="2026-07-06T10:07:22" time="3.379" tests="14">
    <testcase classname="Bug API › getBugs" name="should fetch bugs successfully" time="0.16">
    </testcase>
    <testcase classname="Bug API › getBugs" name="should handle network errors when fetching bugs" time="0.07">
    </testcase>
    <testcase classname="Bug API › getBugs" name="should handle invalid JSON responses when fetching bugs" time="0.017">
    </testcase>
    <testcase classname="Bug API › createBug" name="should create a new bug successfully" time="0.004">
    </testcase>
    <testcase classname="Bug API › createBug" name="should handle API errors when creating a bug" time="0.002">
    </testcase>
    <testcase classname="Bug API › createBug" name="should handle network errors when creating a bug" time="0.007">
    </testcase>
    <testcase classname="Bug API › createBug" name="should handle invalid JSON responses when creating a bug" time="0.003">
    </testcase>
    <testcase classname="Bug API › updateBug" name="should update a bug successfully" time="0.003">
    </testcase>
    <testcase classname="Bug API › updateBug" name="should handle not found error when updating a bug" time="0.003">
    </testcase>
    <testcase classname="Bug API › updateBug" name="should handle network errors when updating a bug" time="0.002">
    </testcase>
    <testcase classname="Bug API › updateBug" name="should handle invalid JSON responses when updating a bug" time="0.001">
    </testcase>
    <testcase classname="Bug API › deleteBug" name="should delete a bug successfully" time="0.002">
    </testcase>
    <testcase classname="Bug API › deleteBug" name="should handle not found error when deleting a bug" time="0.002">
    </testcase>
    <testcase classname="Bug API › deleteBug" name="should handle network errors when deleting a bug" time="0.002">
    </testcase>
  </testsuite>
  <testsuite name="src\components\DeleteConfirmationModal.test.tsx" errors="0" failures="0" skipped="0" timestamp="2026-07-06T10:07:22" time="4.883" tests="4">
    <testcase classname="DeleteConfirmationModal" name="should not render the modal when isOpen is false" time="0.129">
    </testcase>
    <testcase classname="DeleteConfirmationModal" name="should render the modal when isOpen is true" time="0.2">
    </testcase>
    <testcase classname="DeleteConfirmationModal" name="should call onClose when the Cancel button is clicked" time="0.157">
    </testcase>
    <testcase classname="DeleteConfirmationModal" name="should call onConfirm when the Delete button is clicked" time="0.045">
    </testcase>
  </testsuite>
  <testsuite name="src\components\EditBugModal.test.tsx" errors="0" failures="0" skipped="0" timestamp="2026-07-06T10:07:22" time="4.972" tests="6">
    <testcase classname="EditBugModal" name="renders nothing when isOpen is false" time="0.123">
    </testcase>
    <testcase classname="EditBugModal" name="renders modal content when isOpen is true" time="0.086">
    </testcase>
    <testcase classname="EditBugModal" name="calls onClose when Cancel button is clicked" time="0.04">
    </testcase>
    <testcase classname="EditBugModal" name="updates form fields when input values change" time="0.055">
    </testcase>
    <testcase classname="EditBugModal" name="calls onSubmit with updated values when form is submitted" time="0.043">
    </testcase>
    <testcase classname="EditBugModal" name="updates priority and status when select values change" time="0.094">
    </testcase>
  </testsuite>
  <testsuite name="src\components\Notification.test.tsx" errors="0" failures="0" skipped="0" timestamp="2026-07-06T10:07:22" time="5.207" tests="7">
    <testcase classname="Notification" name="should render with the provided message" time="0.184">
    </testcase>
    <testcase classname="Notification" name="should call onClose after 5 seconds" time="0.027">
    </testcase>
    <testcase classname="Notification" name="should call onClose when close button is clicked" time="0.424">
    </testcase>
    <testcase classname="Notification" name="should apply success styles by default" time="0.02">
    </testcase>
    <testcase classname="Notification" name="should apply error styles when type is error" time="0.019">
    </testcase>
    <testcase classname="Notification" name="should fade out before closing" time="0.035">
    </testcase>
    <testcase classname="Notification" name="should cleanup timers on unmount" time="0.013">
    </testcase>
  </testsuite>
  <testsuite name="src\components\DeleteBugButton.test.tsx" errors="0" failures="0" skipped="0" timestamp="2026-07-06T10:07:25" time="2.111" tests="3">
    <testcase classname="DeleteBugButton" name="should render the delete button" time="0.278">
    </testcase>
    <testcase classname="DeleteBugButton" name="should call onDelete when the delete button is clicked" time="0.05">
    </testcase>
    <testcase classname="DeleteBugButton" name="should log an error when the delete request fails" time="0.034">
    </testcase>
  </testsuite>
  <testsuite name="src\components\CommentSection.test.tsx" errors="0" failures="0" skipped="0" timestamp="2026-07-06T10:07:22" time="6.911" tests="6">
    <testcase classname="CommentSection" name="should render the comment section with existing comments" time="0.424">
    </testcase>
    <testcase classname="CommentSection" name="should submit a new comment" time="1.001">
    </testcase>
    <testcase classname="CommentSection" name="should handle error when submitting a comment" time="0.69">
    </testcase>
    <testcase classname="CommentSection" name="should render empty comments message when no comments are provided" time="0.012">
    </testcase>
    <testcase classname="CommentSection" name="should disable the submit button when form fields are empty" time="0.015">
    </testcase>
    <testcase classname="CommentSection" name="should display the correct timestamp for each comment" time="0.029">
    </testcase>
  </testsuite>
  <testsuite name="src\components\AddBugModal.test.tsx" errors="0" failures="0" skipped="0" timestamp="2026-07-06T10:07:22" time="7.698" tests="8">
    <testcase classname="AddBugModal" name="should not render when isOpen is false" time="0.179">
    </testcase>
    <testcase classname="AddBugModal" name="should render the modal when isOpen is true" time="0.144">
    </testcase>
    <testcase classname="AddBugModal" name="should handle form submission with correct data" time="1.054">
    </testcase>
    <testcase classname="AddBugModal" name="should close modal when Cancel button is clicked" time="0.067">
    </testcase>
    <testcase classname="AddBugModal" name="should update form data when inputs change" time="0.649">
    </testcase>
    <testcase classname="AddBugModal" name="should not submit form with empty required fields" time="0.713">
    </testcase>
    <testcase classname="AddBugModal" name="should have default Medium priority" time="0.022">
    </testcase>
    <testcase classname="AddBugModal" name="should reset form data after closing and reopening" time="0.043">
    </testcase>
  </testsuite>
  <testsuite name="src\components\BugList.test.tsx" errors="0" failures="0" skipped="0" timestamp="2026-07-06T10:07:22" time="7.748" tests="12">
    <testcase classname="BugList › Initial Rendering" name="should render bug list after loading" time="0.439">
    </testcase>
    <testcase classname="BugList › Initial Rendering" name="should show error message if bugs fetch fails" time="0.077">
    </testcase>
    <testcase classname="BugList › Bug Operations" name="should open add bug modal when clicking Add New Bug" time="0.38">
    </testcase>
    <testcase classname="BugList › Bug Operations" name="should handle creating a new bug" time="0.696">
    </testcase>
    <testcase classname="BugList › Bug Operations" name="should handle editing a bug" time="0.668">
    </testcase>
    <testcase classname="BugList › Bug Operations" name="should handle deleting a bug" time="0.294">
    </testcase>
    <testcase classname="BugList › Notifications" name="should show success notification after creating bug" time="0.084">
    </testcase>
    <testcase classname="BugList › Notifications" name="should show success notification after deleting bug" time="0.05">
    </testcase>
    <testcase classname="BugList › Status and Priority Display" name="should display correct status indicators" time="0.058">
    </testcase>
    <testcase classname="BugList › Status and Priority Display" name="should display correct priority indicators" time="0.051">
    </testcase>
    <testcase classname="BugList" name="displays the correct version number" time="0.073">
    </testcase>
    <testcase classname="BugList" name="displays the version number in the header" time="0.042">
    </testcase>
  </testsuite>
</testsuites>